2020-04-19 20:12:57,119  INFO [main] NetBanking:16 - User is going to login
2020-04-19 20:12:59,690  INFO [main] NetBanking:21 - User successfully loggedin
2020-04-19 20:13:02,717  INFO [main] NetBanking:30 - Adding customer details
2020-04-19 20:13:16,466  INFO [main] NetBanking:54 - Validation started
2020-04-19 20:13:16,502  INFO [main] NetBanking:60 - Test case passed
2020-04-19 20:13:17,505 DEBUG [main] cache:45 - Couldn't find template in cache for "index.ftl"("en", UTF-8, parsed); will try to load it.
2020-04-19 20:13:17,508 DEBUG [main] cache:45 - TemplateLoader.findTemplateSource("index_en.ftl"): Not found
2020-04-19 20:13:17,515 DEBUG [main] cache:45 - TemplateLoader.findTemplateSource("index.ftl"): Found
2020-04-19 20:13:17,517 DEBUG [main] cache:45 - Loading template for "index.ftl"("en", UTF-8, parsed) from "jar:file:/C:/Users/l%20e%20n%20o%20v%20o/.m2/repository/com/aventstack/extentreports/3.1.3/extentreports-3.1.3.jar!/com/aventstack/extentreports/view/html-report/index.ftl"
2020-04-19 20:13:18,376 DEBUG [main] cache:45 - Couldn't find template in cache for "head.ftl"("en", UTF-8, parsed); will try to load it.
2020-04-19 20:13:18,377 DEBUG [main] cache:45 - TemplateLoader.findTemplateSource("head_en.ftl"): Not found
2020-04-19 20:13:18,378 DEBUG [main] cache:45 - TemplateLoader.findTemplateSource("head.ftl"): Found
2020-04-19 20:13:18,378 DEBUG [main] cache:45 - Loading template for "head.ftl"("en", UTF-8, parsed) from "jar:file:/C:/Users/l%20e%20n%20o%20v%20o/.m2/repository/com/aventstack/extentreports/3.1.3/extentreports-3.1.3.jar!/com/aventstack/extentreports/view/html-report/head.ftl"
2020-04-19 20:13:18,387 DEBUG [main] cache:45 - Couldn't find template in cache for "nav.ftl"("en", UTF-8, parsed); will try to load it.
2020-04-19 20:13:18,388 DEBUG [main] cache:45 - TemplateLoader.findTemplateSource("nav_en.ftl"): Not found
2020-04-19 20:13:18,390 DEBUG [main] cache:45 - TemplateLoader.findTemplateSource("nav.ftl"): Found
2020-04-19 20:13:18,390 DEBUG [main] cache:45 - Loading template for "nav.ftl"("en", UTF-8, parsed) from "jar:file:/C:/Users/l%20e%20n%20o%20v%20o/.m2/repository/com/aventstack/extentreports/3.1.3/extentreports-3.1.3.jar!/com/aventstack/extentreports/view/html-report/nav.ftl"
2020-04-19 20:13:18,416 DEBUG [main] cache:45 - Couldn't find template in cache for "test-view/test-view.ftl"("en", UTF-8, parsed); will try to load it.
2020-04-19 20:13:18,417 DEBUG [main] cache:45 - TemplateLoader.findTemplateSource("test-view/test-view_en.ftl"): Not found
2020-04-19 20:13:18,419 DEBUG [main] cache:45 - TemplateLoader.findTemplateSource("test-view/test-view.ftl"): Found
2020-04-19 20:13:18,420 DEBUG [main] cache:45 - Loading template for "test-view/test-view.ftl"("en", UTF-8, parsed) from "jar:file:/C:/Users/l%20e%20n%20o%20v%20o/.m2/repository/com/aventstack/extentreports/3.1.3/extentreports-3.1.3.jar!/com/aventstack/extentreports/view/html-report/test-view/test-view.ftl"
2020-04-19 20:13:18,446 DEBUG [main] cache:45 - Couldn't find template in cache for "test-view/test-view-charts.ftl"("en", UTF-8, parsed); will try to load it.
2020-04-19 20:13:18,447 DEBUG [main] cache:45 - TemplateLoader.findTemplateSource("test-view/test-view-charts_en.ftl"): Not found
2020-04-19 20:13:18,448 DEBUG [main] cache:45 - TemplateLoader.findTemplateSource("test-view/test-view-charts.ftl"): Found
2020-04-19 20:13:18,449 DEBUG [main] cache:45 - Loading template for "test-view/test-view-charts.ftl"("en", UTF-8, parsed) from "jar:file:/C:/Users/l%20e%20n%20o%20v%20o/.m2/repository/com/aventstack/extentreports/3.1.3/extentreports-3.1.3.jar!/com/aventstack/extentreports/view/html-report/test-view/test-view-charts.ftl"
2020-04-19 20:13:18,493 DEBUG [main] cache:45 - Couldn't find template in cache for "test-view/standard.ftl"("en", UTF-8, parsed); will try to load it.
2020-04-19 20:13:18,494 DEBUG [main] cache:45 - TemplateLoader.findTemplateSource("test-view/standard_en.ftl"): Not found
2020-04-19 20:13:18,495 DEBUG [main] cache:45 - TemplateLoader.findTemplateSource("test-view/standard.ftl"): Found
2020-04-19 20:13:18,496 DEBUG [main] cache:45 - Loading template for "test-view/standard.ftl"("en", UTF-8, parsed) from "jar:file:/C:/Users/l%20e%20n%20o%20v%20o/.m2/repository/com/aventstack/extentreports/3.1.3/extentreports-3.1.3.jar!/com/aventstack/extentreports/view/html-report/test-view/standard.ftl"
2020-04-19 20:13:18,540 DEBUG [main] cache:45 - "test-view/standard.ftl"("en", UTF-8, parsed) cached copy not yet stale; using cached.
2020-04-19 20:13:18,544 DEBUG [main] cache:45 - "test-view/standard.ftl"("en", UTF-8, parsed) cached copy not yet stale; using cached.
2020-04-19 20:13:18,547 DEBUG [main] cache:45 - "test-view/standard.ftl"("en", UTF-8, parsed) cached copy not yet stale; using cached.
2020-04-19 20:13:18,550 DEBUG [main] cache:45 - "test-view/standard.ftl"("en", UTF-8, parsed) cached copy not yet stale; using cached.
2020-04-19 20:13:18,555 DEBUG [main] cache:45 - Couldn't find template in cache for "category-view/category-view.ftl"("en", UTF-8, parsed); will try to load it.
2020-04-19 20:13:18,556 DEBUG [main] cache:45 - TemplateLoader.findTemplateSource("category-view/category-view_en.ftl"): Not found
2020-04-19 20:13:18,557 DEBUG [main] cache:45 - TemplateLoader.findTemplateSource("category-view/category-view.ftl"): Found
2020-04-19 20:13:18,558 DEBUG [main] cache:45 - Loading template for "category-view/category-view.ftl"("en", UTF-8, parsed) from "jar:file:/C:/Users/l%20e%20n%20o%20v%20o/.m2/repository/com/aventstack/extentreports/3.1.3/extentreports-3.1.3.jar!/com/aventstack/extentreports/view/html-report/category-view/category-view.ftl"
2020-04-19 20:13:18,574 DEBUG [main] cache:45 - Couldn't find template in cache for "author-view/author-view.ftl"("en", UTF-8, parsed); will try to load it.
2020-04-19 20:13:18,575 DEBUG [main] cache:45 - TemplateLoader.findTemplateSource("author-view/author-view_en.ftl"): Not found
2020-04-19 20:13:18,579 DEBUG [main] cache:45 - TemplateLoader.findTemplateSource("author-view/author-view.ftl"): Found
2020-04-19 20:13:18,581 DEBUG [main] cache:45 - Loading template for "author-view/author-view.ftl"("en", UTF-8, parsed) from "jar:file:/C:/Users/l%20e%20n%20o%20v%20o/.m2/repository/com/aventstack/extentreports/3.1.3/extentreports-3.1.3.jar!/com/aventstack/extentreports/view/html-report/author-view/author-view.ftl"
2020-04-19 20:13:18,601 DEBUG [main] cache:45 - Couldn't find template in cache for "exception-view/exception-view.ftl"("en", UTF-8, parsed); will try to load it.
2020-04-19 20:13:18,603 DEBUG [main] cache:45 - TemplateLoader.findTemplateSource("exception-view/exception-view_en.ftl"): Not found
2020-04-19 20:13:18,605 DEBUG [main] cache:45 - TemplateLoader.findTemplateSource("exception-view/exception-view.ftl"): Found
2020-04-19 20:13:18,606 DEBUG [main] cache:45 - Loading template for "exception-view/exception-view.ftl"("en", UTF-8, parsed) from "jar:file:/C:/Users/l%20e%20n%20o%20v%20o/.m2/repository/com/aventstack/extentreports/3.1.3/extentreports-3.1.3.jar!/com/aventstack/extentreports/view/html-report/exception-view/exception-view.ftl"
2020-04-19 20:13:18,613 DEBUG [main] cache:45 - Couldn't find template in cache for "dashboard-view/dashboard-view.ftl"("en", UTF-8, parsed); will try to load it.
2020-04-19 20:13:18,614 DEBUG [main] cache:45 - TemplateLoader.findTemplateSource("dashboard-view/dashboard-view_en.ftl"): Not found
2020-04-19 20:13:18,615 DEBUG [main] cache:45 - TemplateLoader.findTemplateSource("dashboard-view/dashboard-view.ftl"): Found
2020-04-19 20:13:18,616 DEBUG [main] cache:45 - Loading template for "dashboard-view/dashboard-view.ftl"("en", UTF-8, parsed) from "jar:file:/C:/Users/l%20e%20n%20o%20v%20o/.m2/repository/com/aventstack/extentreports/3.1.3/extentreports-3.1.3.jar!/com/aventstack/extentreports/view/html-report/dashboard-view/dashboard-view.ftl"
2020-04-19 20:13:18,640 DEBUG [main] cache:45 - Couldn't find template in cache for "logs-view/testrunner-logs-view.ftl"("en", UTF-8, parsed); will try to load it.
2020-04-19 20:13:18,641 DEBUG [main] cache:45 - TemplateLoader.findTemplateSource("logs-view/testrunner-logs-view_en.ftl"): Not found
2020-04-19 20:13:18,642 DEBUG [main] cache:45 - TemplateLoader.findTemplateSource("logs-view/testrunner-logs-view.ftl"): Found
2020-04-19 20:13:18,642 DEBUG [main] cache:45 - Loading template for "logs-view/testrunner-logs-view.ftl"("en", UTF-8, parsed) from "jar:file:/C:/Users/l%20e%20n%20o%20v%20o/.m2/repository/com/aventstack/extentreports/3.1.3/extentreports-3.1.3.jar!/com/aventstack/extentreports/view/html-report/logs-view/testrunner-logs-view.ftl"
